<?xml version="1.0" encoding="UTF-8" ?>
<testsuite errors="1" failures="0" hostname="Nguyens-MacBook-Pro-2.local" name="racetrack.UserTests" tests="2" time="0.105" timestamp="2012-09-19T03:08:37">
  <properties />
  <testcase classname="racetrack.UserTests" name="testSimpleConstraints" time="0.077" />
  <testcase classname="racetrack.UserTests" name="testUniqueConstraint" time="0.028">
    <error message="No signature of method: racetrack.UserTests.assertEqualsNotNull() is applicable for argument types: (racetrack.User) values: [good]" type="groovy.lang.MissingMethodException">groovy.lang.MissingMethodException: No signature of method: racetrack.UserTests.assertEqualsNotNull() is applicable for argument types: (racetrack.User) values: [good]
	at racetrack.UserTests.testUniqueConstraint(UserTests.groovy:38)
	at _GrailsTest_groovy$_run_closure4.doCall(_GrailsTest_groovy:262)
	at _GrailsTest_groovy$_run_closure4.call(_GrailsTest_groovy)
	at _GrailsTest_groovy$_run_closure2.doCall(_GrailsTest_groovy:221)
	at _GrailsTest_groovy$_run_closure1_closure21.doCall(_GrailsTest_groovy:181)
	at _GrailsTest_groovy$_run_closure1.doCall(_GrailsTest_groovy:168)
	at TestApp$_run_closure1.doCall(TestApp.groovy:102)
	at gant.Gant$_dispatch_closure4.doCall(Gant.groovy:324)
	at gant.Gant$_dispatch_closure6.doCall(Gant.groovy:334)
	at gant.Gant$_dispatch_closure6.doCall(Gant.groovy)
	at gant.Gant.withBuildListeners(Gant.groovy:344)
	at gant.Gant.this$2$withBuildListeners(Gant.groovy)
	at gant.Gant$this$2$withBuildListeners.callCurrent(Unknown Source)
	at gant.Gant.dispatch(Gant.groovy:334)
	at gant.Gant.this$2$dispatch(Gant.groovy)
	at gant.Gant.invokeMethod(Gant.groovy)
	at gant.Gant.processTargets(Gant.groovy:495)
	at gant.Gant.processTargets(Gant.groovy:480)
</error>
  </testcase>
  <system-out><![CDATA[--Output from testSimpleConstraints--
--Output from testUniqueConstraint--
]]></system-out>
  <system-err><![CDATA[--Output from testSimpleConstraints--
--Output from testUniqueConstraint--
]]></system-err>
</testsuite>
