<?xml version="1.0" encoding="UTF-8" ?>
<testsuite errors="1" failures="0" hostname="Nguyens-MacBook-Pro-2.local" name="racetrack.UserControllerTests" tests="3" time="0.279" timestamp="2012-09-19T03:08:36">
  <properties />
  <testcase classname="racetrack.UserControllerTests" name="testIndex" time="0.049" />
  <testcase classname="racetrack.UserControllerTests" name="testShow" time="0.208" />
  <testcase classname="racetrack.UserControllerTests" name="testAuthenticate" time="0.021">
    <error message="No such property: SHACodec for class: racetrack.UserControllerTests" type="groovy.lang.MissingPropertyException">groovy.lang.MissingPropertyException: No such property: SHACodec for class: racetrack.UserControllerTests
	at racetrack.UserControllerTests$_setUp_closure2.doCall(UserControllerTests.groovy:22)
	at racetrack.UserControllerTests.testAuthenticate(UserControllerTests.groovy:45)
	at _GrailsTest_groovy$_run_closure4.doCall(_GrailsTest_groovy:262)
	at _GrailsTest_groovy$_run_closure4.call(_GrailsTest_groovy)
	at _GrailsTest_groovy$_run_closure2.doCall(_GrailsTest_groovy:221)
	at _GrailsTest_groovy$_run_closure1_closure21.doCall(_GrailsTest_groovy:181)
	at _GrailsTest_groovy$_run_closure1.doCall(_GrailsTest_groovy:168)
	at TestApp$_run_closure1.doCall(TestApp.groovy:102)
	at gant.Gant$_dispatch_closure4.doCall(Gant.groovy:324)
	at gant.Gant$_dispatch_closure6.doCall(Gant.groovy:334)
	at gant.Gant$_dispatch_closure6.doCall(Gant.groovy)
	at gant.Gant.withBuildListeners(Gant.groovy:344)
	at gant.Gant.this$2$withBuildListeners(Gant.groovy)
	at gant.Gant$this$2$withBuildListeners.callCurrent(Unknown Source)
	at gant.Gant.dispatch(Gant.groovy:334)
	at gant.Gant.this$2$dispatch(Gant.groovy)
	at gant.Gant.invokeMethod(Gant.groovy)
	at gant.Gant.processTargets(Gant.groovy:495)
	at gant.Gant.processTargets(Gant.groovy:480)
</error>
  </testcase>
  <system-out><![CDATA[--Output from testIndex--
--Output from testShow--
--Output from testAuthenticate--
]]></system-out>
  <system-err><![CDATA[--Output from testIndex--
--Output from testShow--
--Output from testAuthenticate--
]]></system-err>
</testsuite>
